[0.013s] Invoking command in '/home/parallels/DynORBBase/src/build/dynorb': CMAKE_PREFIX_PATH=${CMAKE_PREFIX_PATH}:/home/parallels/DynORBBase/src/install/sam_tracking:/opt/ros/humble /usr/bin/cmake --build /home/parallels/DynORBBase/src/build/dynorb -- -j2 -l2
[0.118s] [  3%] [32mBuilding CXX object CMakeFiles/dynorb.dir/src/System.cc.o[0m
[0.125s] [  6%] [32mBuilding CXX object CMakeFiles/dynorb.dir/src/Tracking.cc.o[0m
[0.844s] In file included from [01m[K/home/parallels/DynORBBase/src/dynorb/include/System.h:38[m[K,
[0.844s]                  from [01m[K/home/parallels/DynORBBase/src/dynorb/include/Viewer.h:28[m[K,
[0.845s]                  from [01m[K/home/parallels/DynORBBase/src/dynorb/include/Tracking.h:28[m[K,
[0.845s]                  from [01m[K/home/parallels/DynORBBase/src/dynorb/src/Tracking.cc:22[m[K:
[0.846s] [01m[K/home/parallels/DynORBBase/src/dynorb/include/DynamObjTracker.h:5:10:[m[K [01;31m[Kfatal error: [m[Krclcpp/rclcpp.hpp: No such file or directory
[0.846s]     5 | #include [01;31m[K<rclcpp/rclcpp.hpp>[m[K
[0.846s]       |          [01;31m[K^~~~~~~~~~~~~~~~~~~[m[K
[0.847s] compilation terminated.
[0.869s] gmake[2]: *** [CMakeFiles/dynorb.dir/build.make:90: CMakeFiles/dynorb.dir/src/Tracking.cc.o] Error 1
[0.869s] gmake[2]: *** Waiting for unfinished jobs....
[0.897s] In file included from [01m[K/home/parallels/DynORBBase/src/dynorb/include/System.h:38[m[K,
[0.897s]                  from [01m[K/home/parallels/DynORBBase/src/dynorb/src/System.cc:23[m[K:
[0.898s] [01m[K/home/parallels/DynORBBase/src/dynorb/include/DynamObjTracker.h:5:10:[m[K [01;31m[Kfatal error: [m[Krclcpp/rclcpp.hpp: No such file or directory
[0.898s]     5 | #include [01;31m[K<rclcpp/rclcpp.hpp>[m[K
[0.898s]       |          [01;31m[K^~~~~~~~~~~~~~~~~~~[m[K
[0.898s] compilation terminated.
[0.902s] gmake[2]: *** [CMakeFiles/dynorb.dir/build.make:76: CMakeFiles/dynorb.dir/src/System.cc.o] Error 1
[0.902s] gmake[1]: *** [CMakeFiles/Makefile2:149: CMakeFiles/dynorb.dir/all] Error 2
[0.903s] gmake: *** [Makefile:146: all] Error 2
[0.905s] Invoked command in '/home/parallels/DynORBBase/src/build/dynorb' returned '2': CMAKE_PREFIX_PATH=${CMAKE_PREFIX_PATH}:/home/parallels/DynORBBase/src/install/sam_tracking:/opt/ros/humble /usr/bin/cmake --build /home/parallels/DynORBBase/src/build/dynorb -- -j2 -l2
